# JRE version: OpenJDK Runtime Environment (8.0_181-b13) (build 1.8.0_181-8u181-b13-2~deb9u1-b13)
# Java VM: OpenJDK Server VM (25.181-b13 mixed mode linux-x86 )
Heap:
 def new generation   total 9792K, used 970K [0x87400000, 0x87ea0000, 0x91ca0000)
  eden space 8704K,  11% used [0x87400000, 0x874f2a20, 0x87c80000)
  from space 1088K,   0% used [0x87d90000, 0x87d90000, 0x87ea0000)
  to   space 1088K,   0% used [0x87c80000, 0x87c80000, 0x87d90000)
 tenured generation   total 23424K, used 23423K [0x91ca0000, 0x93380000, 0xa6e00000)
   the space 23424K,  99% used [0x91ca0000, 0x9337ffc0, 0x93380000, 0x93380000)
 Metaspace       used 8036K, capacity 8068K, committed 8088K, reserved 8496K
GC Heap History (10 events):
Event: 11.170 GC heap after
Heap after GC invocations=14 (full 0):
 def new generation   total 9792K, used 1088K [0x87400000, 0x87ea0000, 0x91ca0000)
  eden space 8704K,   0% used [0x87400000, 0x87400000, 0x87c80000)
  from space 1088K, 100% used [0x87c80000, 0x87d90000, 0x87d90000)
  to   space 1088K,   0% used [0x87d90000, 0x87d90000, 0x87ea0000)
 tenured generation   total 21888K, used 14930K [0x91ca0000, 0x93200000, 0xa6e00000)
   the space 21888K,  68% used [0x91ca0000, 0x92b348a8, 0x92b34a00, 0x93200000)
 Metaspace       used 7599K, capacity 7649K, committed 7704K, reserved 8496K
}
Event: 11.400 GC heap before
{Heap before GC invocations=14 (full 0):
 def new generation   total 9792K, used 9792K [0x87400000, 0x87ea0000, 0x91ca0000)
  eden space 8704K, 100% used [0x87400000, 0x87c80000, 0x87c80000)
  from space 1088K, 100% used [0x87c80000, 0x87d90000, 0x87d90000)
  to   space 1088K,   0% used [0x87d90000, 0x87d90000, 0x87ea0000)
 tenured generation   total 21888K, used 14930K [0x91ca0000, 0x93200000, 0xa6e00000)
   the space 21888K,  68% used [0x91ca0000, 0x92b348a8, 0x92b34a00, 0x93200000)
 Metaspace       used 7640K, capacity 7681K, committed 7704K, reserved 8496K
Event: 11.468 GC heap after
Heap after GC invocations=15 (full 0):
 def new generation   total 9792K, used 1088K [0x87400000, 0x87ea0000, 0x91ca0000)
  eden space 8704K,   0% used [0x87400000, 0x87400000, 0x87c80000)
  from space 1088K, 100% used [0x87d90000, 0x87ea0000, 0x87ea0000)
  to   space 1088K,   0% used [0x87c80000, 0x87c80000, 0x87d90000)
 tenured generation   total 21888K, used 16639K [0x91ca0000, 0x93200000, 0xa6e00000)
   the space 21888K,  76% used [0x91ca0000, 0x92cdfef0, 0x92ce0000, 0x93200000)
 Metaspace       used 7640K, capacity 7681K, committed 7704K, reserved 8496K
}
Event: 11.697 GC heap before
{Heap before GC invocations=15 (full 0):
 def new generation   total 9792K, used 9792K [0x87400000, 0x87ea0000, 0x91ca0000)
  eden space 8704K, 100% used [0x87400000, 0x87c80000, 0x87c80000)
  from space 1088K, 100% used [0x87d90000, 0x87ea0000, 0x87ea0000)
  to   space 1088K,   0% used [0x87c80000, 0x87c80000, 0x87d90000)
 tenured generation   total 21888K, used 16639K [0x91ca0000, 0x93200000, 0xa6e00000)
   the space 21888K,  76% used [0x91ca0000, 0x92cdfef0, 0x92ce0000, 0x93200000)
 Metaspace       used 7660K, capacity 7716K, committed 7832K, reserved 8496K
Event: 11.770 GC heap after
Heap after GC invocations=16 (full 0):
 def new generation   total 9792K, used 1087K [0x87400000, 0x87ea0000, 0x91ca0000)
  eden space 8704K,   0% used [0x87400000, 0x87400000, 0x87c80000)
  from space 1088K,  99% used [0x87c80000, 0x87d8fff8, 0x87d90000)
  to   space 1088K,   0% used [0x87d90000, 0x87d90000, 0x87ea0000)
 tenured generation   total 21888K, used 18298K [0x91ca0000, 0x93200000, 0xa6e00000)
   the space 21888K,  83% used [0x91ca0000, 0x92e7eab0, 0x92e7ec00, 0x93200000)
 Metaspace       used 7660K, capacity 7716K, committed 7832K, reserved 8496K
}
Event: 11.989 GC heap before
{Heap before GC invocations=16 (full 0):
 def new generation   total 9792K, used 9791K [0x87400000, 0x87ea0000, 0x91ca0000)
  eden space 8704K, 100% used [0x87400000, 0x87c80000, 0x87c80000)
  from space 1088K,  99% used [0x87c80000, 0x87d8fff8, 0x87d90000)
  to   space 1088K,   0% used [0x87d90000, 0x87d90000, 0x87ea0000)
 tenured generation   total 21888K, used 18298K [0x91ca0000, 0x93200000, 0xa6e00000)
   the space 21888K,  83% used [0x91ca0000, 0x92e7eab0, 0x92e7ec00, 0x93200000)
 Metaspace       used 7715K, capacity 7748K, committed 7832K, reserved 8496K
Event: 12.041 GC heap after
Heap after GC invocations=17 (full 0):
 def new generation   total 9792K, used 1088K [0x87400000, 0x87ea0000, 0x91ca0000)
  eden space 8704K,   0% used [0x87400000, 0x87400000, 0x87c80000)
  from space 1088K, 100% used [0x87d90000, 0x87ea0000, 0x87ea0000)
  to   space 1088K,   0% used [0x87c80000, 0x87c80000, 0x87d90000)
 tenured generation   total 21888K, used 19959K [0x91ca0000, 0x93200000, 0xa6e00000)
   the space 21888K,  91% used [0x91ca0000, 0x9301de20, 0x9301e000, 0x93200000)
 Metaspace       used 7715K, capacity 7748K, committed 7832K, reserved 8496K
}
Event: 12.241 GC heap before
{Heap before GC invocations=17 (full 0):
 def new generation   total 9792K, used 9792K [0x87400000, 0x87ea0000, 0x91ca0000)
  eden space 8704K, 100% used [0x87400000, 0x87c80000, 0x87c80000)
  from space 1088K, 100% used [0x87d90000, 0x87ea0000, 0x87ea0000)
  to   space 1088K,   0% used [0x87c80000, 0x87c80000, 0x87d90000)
 tenured generation   total 21888K, used 19959K [0x91ca0000, 0x93200000, 0xa6e00000)
   the space 21888K,  91% used [0x91ca0000, 0x9301de20, 0x9301e000, 0x93200000)
 Metaspace       used 7940K, capacity 7972K, committed 8088K, reserved 8496K
Event: 12.298 GC heap after
Heap after GC invocations=18 (full 0):
 def new generation   total 9792K, used 1088K [0x87400000, 0x87ea0000, 0x91ca0000)
  eden space 8704K,   0% used [0x87400000, 0x87400000, 0x87c80000)
  from space 1088K, 100% used [0x87c80000, 0x87d90000, 0x87d90000)
  to   space 1088K,   0% used [0x87d90000, 0x87d90000, 0x87ea0000)
 tenured generation   total 21888K, used 21608K [0x91ca0000, 0x93200000, 0xa6e00000)
   the space 21888K,  98% used [0x91ca0000, 0x931ba360, 0x931ba400, 0x93200000)
 Metaspace       used 7940K, capacity 7972K, committed 8088K, reserved 8496K
}
Event: 12.780 GC heap before
{Heap before GC invocations=18 (full 0):
 def new generation   total 9792K, used 9792K [0x87400000, 0x87ea0000, 0x91ca0000)
  eden space 8704K, 100% used [0x87400000, 0x87c80000, 0x87c80000)
  from space 1088K, 100% used [0x87c80000, 0x87d90000, 0x87d90000)
  to   space 1088K,   0% used [0x87d90000, 0x87d90000, 0x87ea0000)
 tenured generation   total 21888K, used 21608K [0x91ca0000, 0x93200000, 0xa6e00000)
   the space 21888K,  98% used [0x91ca0000, 0x931ba360, 0x931ba400, 0x93200000)
 Metaspace       used 8036K, capacity 8068K, committed 8088K, reserved 8496K

