# JRE version: OpenJDK Runtime Environment (8.0_181-b13) (build 1.8.0_181-8u181-b13-2~deb9u1-b13)
# Java VM: OpenJDK Server VM (25.181-b13 mixed mode linux-x86 )
Heap:
 def new generation   total 3840K, used 3840K [0x87400000, 0x87820000, 0x91ca0000)
  eden space 3456K, 100% used [0x87400000, 0x87760000, 0x87760000)
  from space 384K, 100% used [0x877c0000, 0x87820000, 0x87820000)
  to   space 384K,  67% used [0x87760000, 0x877a0d38, 0x877c0000)
 tenured generation   total 8332K, used 8329K [0x91ca0000, 0x924c3000, 0xa6e00000)
   the space 8332K,  99% used [0x91ca0000, 0x924c2598, 0x924c2600, 0x924c3000)
 Metaspace       used 4663K, capacity 4708K, committed 4760K, reserved 5424K
GC Heap History (10 events):
Event: 11.215 GC heap after
Heap after GC invocations=112 (full 1):
 def new generation   total 3840K, used 384K [0x87400000, 0x87820000, 0x91ca0000)
  eden space 3456K,   0% used [0x87400000, 0x87400000, 0x87760000)
  from space 384K, 100% used [0x877c0000, 0x87820000, 0x87820000)
  to   space 384K,   0% used [0x87760000, 0x87760000, 0x877c0000)
 tenured generation   total 8332K, used 6284K [0x91ca0000, 0x924c3000, 0xa6e00000)
   the space 8332K,  75% used [0x91ca0000, 0x922c3330, 0x922c3400, 0x924c3000)
 Metaspace       used 4557K, capacity 4612K, committed 4632K, reserved 5424K
}
Event: 12.382 GC heap before
{Heap before GC invocations=112 (full 1):
 def new generation   total 3840K, used 3837K [0x87400000, 0x87820000, 0x91ca0000)
  eden space 3456K,  99% used [0x87400000, 0x8775f628, 0x87760000)
  from space 384K, 100% used [0x877c0000, 0x87820000, 0x87820000)
  to   space 384K,   0% used [0x87760000, 0x87760000, 0x877c0000)
 tenured generation   total 8332K, used 6284K [0x91ca0000, 0x924c3000, 0xa6e00000)
   the space 8332K,  75% used [0x91ca0000, 0x922c3330, 0x922c3400, 0x924c3000)
 Metaspace       used 4558K, capacity 4612K, committed 4632K, reserved 5424K
Event: 12.395 GC heap after
Heap after GC invocations=113 (full 1):
 def new generation   total 3840K, used 384K [0x87400000, 0x87820000, 0x91ca0000)
  eden space 3456K,   0% used [0x87400000, 0x87400000, 0x87760000)
  from space 384K, 100% used [0x87760000, 0x877c0000, 0x877c0000)
  to   space 384K,   0% used [0x877c0000, 0x877c0000, 0x87820000)
 tenured generation   total 8332K, used 7103K [0x91ca0000, 0x924c3000, 0xa6e00000)
   the space 8332K,  85% used [0x91ca0000, 0x9238fff0, 0x92390000, 0x924c3000)
 Metaspace       used 4558K, capacity 4612K, committed 4632K, reserved 5424K
}
Event: 13.073 GC heap before
{Heap before GC invocations=113 (full 1):
 def new generation   total 3840K, used 3840K [0x87400000, 0x87820000, 0x91ca0000)
  eden space 3456K, 100% used [0x87400000, 0x87760000, 0x87760000)
  from space 384K, 100% used [0x87760000, 0x877c0000, 0x877c0000)
  to   space 384K,   0% used [0x877c0000, 0x877c0000, 0x87820000)
 tenured generation   total 8332K, used 7103K [0x91ca0000, 0x924c3000, 0xa6e00000)
   the space 8332K,  85% used [0x91ca0000, 0x9238fff0, 0x92390000, 0x924c3000)
 Metaspace       used 4633K, capacity 4676K, committed 4760K, reserved 5424K
Event: 13.077 GC heap after
Heap after GC invocations=114 (full 1):
 def new generation   total 3840K, used 363K [0x87400000, 0x87820000, 0x91ca0000)
  eden space 3456K,   0% used [0x87400000, 0x87400000, 0x87760000)
  from space 384K,  94% used [0x877c0000, 0x8781acb8, 0x87820000)
  to   space 384K,   0% used [0x87760000, 0x87760000, 0x877c0000)
 tenured generation   total 8332K, used 7261K [0x91ca0000, 0x924c3000, 0xa6e00000)
   the space 8332K,  87% used [0x91ca0000, 0x923b76a8, 0x923b7800, 0x924c3000)
 Metaspace       used 4633K, capacity 4676K, committed 4760K, reserved 5424K
}
Event: 13.520 GC heap before
{Heap before GC invocations=114 (full 1):
 def new generation   total 3840K, used 3819K [0x87400000, 0x87820000, 0x91ca0000)
  eden space 3456K, 100% used [0x87400000, 0x87760000, 0x87760000)
  from space 384K,  94% used [0x877c0000, 0x8781acb8, 0x87820000)
  to   space 384K,   0% used [0x87760000, 0x87760000, 0x877c0000)
 tenured generation   total 8332K, used 7261K [0x91ca0000, 0x924c3000, 0xa6e00000)
   the space 8332K,  87% used [0x91ca0000, 0x923b76a8, 0x923b7800, 0x924c3000)
 Metaspace       used 4642K, capacity 4676K, committed 4760K, reserved 5424K
Event: 13.522 GC heap after
Heap after GC invocations=115 (full 1):
 def new generation   total 3840K, used 383K [0x87400000, 0x87820000, 0x91ca0000)
  eden space 3456K,   0% used [0x87400000, 0x87400000, 0x87760000)
  from space 384K,  99% used [0x87760000, 0x877bfff8, 0x877c0000)
  to   space 384K,   0% used [0x877c0000, 0x877c0000, 0x87820000)
 tenured generation   total 8332K, used 7666K [0x91ca0000, 0x924c3000, 0xa6e00000)
   the space 8332K,  92% used [0x91ca0000, 0x9241ca10, 0x9241cc00, 0x924c3000)
 Metaspace       used 4642K, capacity 4676K, committed 4760K, reserved 5424K
}
Event: 14.048 GC heap before
{Heap before GC invocations=115 (full 1):
 def new generation   total 3840K, used 3839K [0x87400000, 0x87820000, 0x91ca0000)
  eden space 3456K, 100% used [0x87400000, 0x87760000, 0x87760000)
  from space 384K,  99% used [0x87760000, 0x877bfff8, 0x877c0000)
  to   space 384K,   0% used [0x877c0000, 0x877c0000, 0x87820000)
 tenured generation   total 8332K, used 7666K [0x91ca0000, 0x924c3000, 0xa6e00000)
   the space 8332K,  92% used [0x91ca0000, 0x9241ca10, 0x9241cc00, 0x924c3000)
 Metaspace       used 4660K, capacity 4676K, committed 4760K, reserved 5424K
Event: 14.050 GC heap after
Heap after GC invocations=116 (full 1):
 def new generation   total 3840K, used 384K [0x87400000, 0x87820000, 0x91ca0000)
  eden space 3456K,   0% used [0x87400000, 0x87400000, 0x87760000)
  from space 384K, 100% used [0x877c0000, 0x87820000, 0x87820000)
  to   space 384K,   0% used [0x87760000, 0x87760000, 0x877c0000)
 tenured generation   total 8332K, used 8133K [0x91ca0000, 0x924c3000, 0xa6e00000)
   the space 8332K,  97% used [0x91ca0000, 0x92491748, 0x92491800, 0x924c3000)
 Metaspace       used 4660K, capacity 4676K, committed 4760K, reserved 5424K
}
Event: 15.045 GC heap before
{Heap before GC invocations=116 (full 1):
 def new generation   total 3840K, used 3840K [0x87400000, 0x87820000, 0x91ca0000)
  eden space 3456K, 100% used [0x87400000, 0x87760000, 0x87760000)
  from space 384K, 100% used [0x877c0000, 0x87820000, 0x87820000)
  to   space 384K,   0% used [0x87760000, 0x87760000, 0x877c0000)
 tenured generation   total 8332K, used 8133K [0x91ca0000, 0x924c3000, 0xa6e00000)
   the space 8332K,  97% used [0x91ca0000, 0x92491748, 0x92491800, 0x924c3000)
 Metaspace       used 4663K, capacity 4708K, committed 4760K, reserved 5424K

