# JRE version: OpenJDK Runtime Environment (8.0_181-b13) (build 1.8.0_181-8u181-b13-2~deb9u1-b13)
# Java VM: OpenJDK Server VM (25.181-b13 mixed mode linux-x86 )
Heap:
 def new generation   total 3840K, used 1904K [0x87400000, 0x87820000, 0x91ca0000)
  eden space 3456K,  45% used [0x87400000, 0x875883e8, 0x87760000)
  from space 384K,  87% used [0x87760000, 0x877b3f88, 0x877c0000)
  to   space 384K,   0% used [0x877c0000, 0x877c0000, 0x87820000)
 tenured generation   total 8316K, used 5195K [0x91ca0000, 0x924bf000, 0xa6e00000)
   the space 8316K,  62% used [0x91ca0000, 0x921b2cd8, 0x921b2e00, 0x924bf000)
 Metaspace       used 4726K, capacity 4740K, committed 4760K, reserved 5424K
GC Heap History (10 events):
Event: 9.642 GC heap before
{Heap before GC invocations=116 (full 1):
 def new generation   total 3840K, used 3839K [0x87400000, 0x87820000, 0x91ca0000)
  eden space 3456K, 100% used [0x87400000, 0x87760000, 0x87760000)
  from space 384K,  99% used [0x877c0000, 0x8781ffe0, 0x87820000)
  to   space 384K,   0% used [0x87760000, 0x87760000, 0x877c0000)
 tenured generation   total 8316K, used 8125K [0x91ca0000, 0x924bf000, 0xa6e00000)
   the space 8316K,  97% used [0x91ca0000, 0x9248f4c8, 0x9248f600, 0x924bf000)
 Metaspace       used 4663K, capacity 4708K, committed 4760K, reserved 5424K
Event: 9.696 GC heap after
Heap after GC invocations=117 (full 2):
 def new generation   total 3840K, used 0K [0x87400000, 0x87820000, 0x91ca0000)
  eden space 3456K,   0% used [0x87400000, 0x87400000, 0x87760000)
  from space 384K,   0% used [0x87760000, 0x87760000, 0x877c0000)
  to   space 384K,   0% used [0x877c0000, 0x877c0000, 0x87820000)
 tenured generation   total 8316K, used 4612K [0x91ca0000, 0x924bf000, 0xa6e00000)
   the space 8316K,  55% used [0x91ca0000, 0x921211e8, 0x92121200, 0x924bf000)
 Metaspace       used 4663K, capacity 4708K, committed 4760K, reserved 5424K
}
Event: 9.940 GC heap before
{Heap before GC invocations=117 (full 2):
 def new generation   total 3840K, used 3453K [0x87400000, 0x87820000, 0x91ca0000)
  eden space 3456K,  99% used [0x87400000, 0x8775f700, 0x87760000)
  from space 384K,   0% used [0x87760000, 0x87760000, 0x877c0000)
  to   space 384K,   0% used [0x877c0000, 0x877c0000, 0x87820000)
 tenured generation   total 8316K, used 4612K [0x91ca0000, 0x924bf000, 0xa6e00000)
   the space 8316K,  55% used [0x91ca0000, 0x921211e8, 0x92121200, 0x924bf000)
 Metaspace       used 4663K, capacity 4708K, committed 4760K, reserved 5424K
Event: 9.950 GC heap after
Heap after GC invocations=118 (full 2):
 def new generation   total 3840K, used 369K [0x87400000, 0x87820000, 0x91ca0000)
  eden space 3456K,   0% used [0x87400000, 0x87400000, 0x87760000)
  from space 384K,  96% used [0x877c0000, 0x8781c7b8, 0x87820000)
  to   space 384K,   0% used [0x87760000, 0x87760000, 0x877c0000)
 tenured generation   total 8316K, used 4646K [0x91ca0000, 0x924bf000, 0xa6e00000)
   the space 8316K,  55% used [0x91ca0000, 0x92129b88, 0x92129c00, 0x924bf000)
 Metaspace       used 4663K, capacity 4708K, committed 4760K, reserved 5424K
}
Event: 10.689 GC heap before
{Heap before GC invocations=118 (full 2):
 def new generation   total 3840K, used 3825K [0x87400000, 0x87820000, 0x91ca0000)
  eden space 3456K, 100% used [0x87400000, 0x87760000, 0x87760000)
  from space 384K,  96% used [0x877c0000, 0x8781c7b8, 0x87820000)
  to   space 384K,   0% used [0x87760000, 0x87760000, 0x877c0000)
 tenured generation   total 8316K, used 4646K [0x91ca0000, 0x924bf000, 0xa6e00000)
   the space 8316K,  55% used [0x91ca0000, 0x92129b88, 0x92129c00, 0x924bf000)
 Metaspace       used 4666K, capacity 4708K, committed 4760K, reserved 5424K
Event: 10.690 GC heap after
Heap after GC invocations=119 (full 2):
 def new generation   total 3840K, used 380K [0x87400000, 0x87820000, 0x91ca0000)
  eden space 3456K,   0% used [0x87400000, 0x87400000, 0x87760000)
  from space 384K,  99% used [0x87760000, 0x877bf2c0, 0x877c0000)
  to   space 384K,   0% used [0x877c0000, 0x877c0000, 0x87820000)
 tenured generation   total 8316K, used 4869K [0x91ca0000, 0x924bf000, 0xa6e00000)
   the space 8316K,  58% used [0x91ca0000, 0x92161690, 0x92161800, 0x924bf000)
 Metaspace       used 4666K, capacity 4708K, committed 4760K, reserved 5424K
}
Event: 11.038 GC heap before
{Heap before GC invocations=119 (full 2):
 def new generation   total 3840K, used 3836K [0x87400000, 0x87820000, 0x91ca0000)
  eden space 3456K, 100% used [0x87400000, 0x87760000, 0x87760000)
  from space 384K,  99% used [0x87760000, 0x877bf2c0, 0x877c0000)
  to   space 384K,   0% used [0x877c0000, 0x877c0000, 0x87820000)
 tenured generation   total 8316K, used 4869K [0x91ca0000, 0x924bf000, 0xa6e00000)
   the space 8316K,  58% used [0x91ca0000, 0x92161690, 0x92161800, 0x924bf000)
 Metaspace       used 4666K, capacity 4708K, committed 4760K, reserved 5424K
Event: 11.039 GC heap after
Heap after GC invocations=120 (full 2):
 def new generation   total 3840K, used 220K [0x87400000, 0x87820000, 0x91ca0000)
  eden space 3456K,   0% used [0x87400000, 0x87400000, 0x87760000)
  from space 384K,  57% used [0x877c0000, 0x877f71f0, 0x87820000)
  to   space 384K,   0% used [0x87760000, 0x87760000, 0x877c0000)
 tenured generation   total 8316K, used 5081K [0x91ca0000, 0x924bf000, 0xa6e00000)
   the space 8316K,  61% used [0x91ca0000, 0x92196468, 0x92196600, 0x924bf000)
 Metaspace       used 4666K, capacity 4708K, committed 4760K, reserved 5424K
}
Event: 11.328 GC heap before
{Heap before GC invocations=120 (full 2):
 def new generation   total 3840K, used 3653K [0x87400000, 0x87820000, 0x91ca0000)
  eden space 3456K,  99% used [0x87400000, 0x8775a560, 0x87760000)
  from space 384K,  57% used [0x877c0000, 0x877f71f0, 0x87820000)
  to   space 384K,   0% used [0x87760000, 0x87760000, 0x877c0000)
 tenured generation   total 8316K, used 5081K [0x91ca0000, 0x924bf000, 0xa6e00000)
   the space 8316K,  61% used [0x91ca0000, 0x92196468, 0x92196600, 0x924bf000)
 Metaspace       used 4666K, capacity 4708K, committed 4760K, reserved 5424K
Event: 11.329 GC heap after
Heap after GC invocations=121 (full 2):
 def new generation   total 3840K, used 335K [0x87400000, 0x87820000, 0x91ca0000)
  eden space 3456K,   0% used [0x87400000, 0x87400000, 0x87760000)
  from space 384K,  87% used [0x87760000, 0x877b3f88, 0x877c0000)
  to   space 384K,   0% used [0x877c0000, 0x877c0000, 0x87820000)
 tenured generation   total 8316K, used 5195K [0x91ca0000, 0x924bf000, 0xa6e00000)
   the space 8316K,  62% used [0x91ca0000, 0x921b2cd8, 0x921b2e00, 0x924bf000)
 Metaspace       used 4666K, capacity 4708K, committed 4760K, reserved 5424K
}

