# JRE version: OpenJDK Runtime Environment (8.0_181-b13) (build 1.8.0_181-8u181-b13-2~deb9u1-b13)
# Java VM: OpenJDK Server VM (25.181-b13 mixed mode linux-x86 )
Heap:
 def new generation   total 3840K, used 2049K [0x87400000, 0x87820000, 0x91ca0000)
  eden space 3456K,  48% used [0x87400000, 0x875a0738, 0x87760000)
  from space 384K, 100% used [0x87760000, 0x877c0000, 0x877c0000)
  to   space 384K,   0% used [0x877c0000, 0x877c0000, 0x87820000)
 tenured generation   total 8336K, used 7106K [0x91ca0000, 0x924c4000, 0xa6e00000)
   the space 8336K,  85% used [0x91ca0000, 0x92390bb0, 0x92390c00, 0x924c4000)
 Metaspace       used 4581K, capacity 4612K, committed 4632K, reserved 5424K
GC Heap History (10 events):
Event: 6.191 GC heap before
{Heap before GC invocations=108 (full 0):
 def new generation   total 2432K, used 2193K [0x87400000, 0x876a0000, 0x91ca0000)
  eden space 2176K, 100% used [0x87400000, 0x87620000, 0x87620000)
  from space 256K,   7% used [0x87620000, 0x876247b0, 0x87660000)
  to   space 256K,   0% used [0x87660000, 0x87660000, 0x876a0000)
 tenured generation   total 5504K, used 4698K [0x91ca0000, 0x92200000, 0xa6e00000)
   the space 5504K,  85% used [0x91ca0000, 0x92136a70, 0x92136c00, 0x92200000)
 Metaspace       used 4553K, capacity 4612K, committed 4632K, reserved 5424K
Event: 6.192 GC heap after
Heap after GC invocations=109 (full 0):
 def new generation   total 2432K, used 256K [0x87400000, 0x876a0000, 0x91ca0000)
  eden space 2176K,   0% used [0x87400000, 0x87400000, 0x87620000)
  from space 256K, 100% used [0x87660000, 0x876a0000, 0x876a0000)
  to   space 256K,   0% used [0x87620000, 0x87620000, 0x87660000)
 tenured generation   total 5504K, used 4835K [0x91ca0000, 0x92200000, 0xa6e00000)
   the space 5504K,  87% used [0x91ca0000, 0x92158fe0, 0x92159000, 0x92200000)
 Metaspace       used 4553K, capacity 4612K, committed 4632K, reserved 5424K
}
Event: 6.564 GC heap before
{Heap before GC invocations=109 (full 0):
 def new generation   total 2432K, used 2428K [0x87400000, 0x876a0000, 0x91ca0000)
  eden space 2176K,  99% used [0x87400000, 0x8761f1a0, 0x87620000)
  from space 256K, 100% used [0x87660000, 0x876a0000, 0x876a0000)
  to   space 256K,   0% used [0x87620000, 0x87620000, 0x87660000)
 tenured generation   total 5504K, used 4835K [0x91ca0000, 0x92200000, 0xa6e00000)
   the space 5504K,  87% used [0x91ca0000, 0x92158fe0, 0x92159000, 0x92200000)
 Metaspace       used 4553K, capacity 4612K, committed 4632K, reserved 5424K
Event: 6.566 GC heap after
Heap after GC invocations=110 (full 0):
 def new generation   total 2432K, used 209K [0x87400000, 0x876a0000, 0x91ca0000)
  eden space 2176K,   0% used [0x87400000, 0x87400000, 0x87620000)
  from space 256K,  82% used [0x87620000, 0x876547f0, 0x87660000)
  to   space 256K,   0% used [0x87660000, 0x87660000, 0x876a0000)
 tenured generation   total 5504K, used 5317K [0x91ca0000, 0x92200000, 0xa6e00000)
   the space 5504K,  96% used [0x91ca0000, 0x921d1780, 0x921d1800, 0x92200000)
 Metaspace       used 4553K, capacity 4612K, committed 4632K, reserved 5424K
}
Event: 6.640 GC heap before
{Heap before GC invocations=110 (full 0):
 def new generation   total 2432K, used 2385K [0x87400000, 0x876a0000, 0x91ca0000)
  eden space 2176K, 100% used [0x87400000, 0x87620000, 0x87620000)
  from space 256K,  82% used [0x87620000, 0x876547f0, 0x87660000)
  to   space 256K,   0% used [0x87660000, 0x87660000, 0x876a0000)
 tenured generation   total 5504K, used 5317K [0x91ca0000, 0x92200000, 0xa6e00000)
   the space 5504K,  96% used [0x91ca0000, 0x921d1780, 0x921d1800, 0x92200000)
 Metaspace       used 4555K, capacity 4612K, committed 4632K, reserved 5424K
Event: 6.683 GC heap after
Heap after GC invocations=111 (full 1):
 def new generation   total 3840K, used 0K [0x87400000, 0x87820000, 0x91ca0000)
  eden space 3456K,   0% used [0x87400000, 0x87400000, 0x87760000)
  from space 384K,   0% used [0x87760000, 0x87760000, 0x877c0000)
  to   space 384K,   0% used [0x877c0000, 0x877c0000, 0x87820000)
 tenured generation   total 8336K, used 5000K [0x91ca0000, 0x924c4000, 0xa6e00000)
   the space 8336K,  59% used [0x91ca0000, 0x92182318, 0x92182400, 0x924c4000)
 Metaspace       used 4555K, capacity 4612K, committed 4632K, reserved 5424K
}
Event: 7.254 GC heap before
{Heap before GC invocations=111 (full 1):
 def new generation   total 3840K, used 3456K [0x87400000, 0x87820000, 0x91ca0000)
  eden space 3456K, 100% used [0x87400000, 0x87760000, 0x87760000)
  from space 384K,   0% used [0x87760000, 0x87760000, 0x877c0000)
  to   space 384K,   0% used [0x877c0000, 0x877c0000, 0x87820000)
 tenured generation   total 8336K, used 5000K [0x91ca0000, 0x924c4000, 0xa6e00000)
   the space 8336K,  59% used [0x91ca0000, 0x92182318, 0x92182400, 0x924c4000)
 Metaspace       used 4557K, capacity 4612K, committed 4632K, reserved 5424K
Event: 7.258 GC heap after
Heap after GC invocations=112 (full 1):
 def new generation   total 3840K, used 384K [0x87400000, 0x87820000, 0x91ca0000)
  eden space 3456K,   0% used [0x87400000, 0x87400000, 0x87760000)
  from space 384K, 100% used [0x877c0000, 0x87820000, 0x87820000)
  to   space 384K,   0% used [0x87760000, 0x87760000, 0x877c0000)
 tenured generation   total 8336K, used 6287K [0x91ca0000, 0x924c4000, 0xa6e00000)
   the space 8336K,  75% used [0x91ca0000, 0x922c3f48, 0x922c4000, 0x924c4000)
 Metaspace       used 4557K, capacity 4612K, committed 4632K, reserved 5424K
}
Event: 7.870 GC heap before
{Heap before GC invocations=112 (full 1):
 def new generation   total 3840K, used 3836K [0x87400000, 0x87820000, 0x91ca0000)
  eden space 3456K,  99% used [0x87400000, 0x8775f190, 0x87760000)
  from space 384K, 100% used [0x877c0000, 0x87820000, 0x87820000)
  to   space 384K,   0% used [0x87760000, 0x87760000, 0x877c0000)
 tenured generation   total 8336K, used 6287K [0x91ca0000, 0x924c4000, 0xa6e00000)
   the space 8336K,  75% used [0x91ca0000, 0x922c3f48, 0x922c4000, 0x924c4000)
 Metaspace       used 4559K, capacity 4612K, committed 4632K, reserved 5424K
Event: 7.874 GC heap after
Heap after GC invocations=113 (full 1):
 def new generation   total 3840K, used 384K [0x87400000, 0x87820000, 0x91ca0000)
  eden space 3456K,   0% used [0x87400000, 0x87400000, 0x87760000)
  from space 384K, 100% used [0x87760000, 0x877c0000, 0x877c0000)
  to   space 384K,   0% used [0x877c0000, 0x877c0000, 0x87820000)
 tenured generation   total 8336K, used 7106K [0x91ca0000, 0x924c4000, 0xa6e00000)
   the space 8336K,  85% used [0x91ca0000, 0x92390bb0, 0x92390c00, 0x924c4000)
 Metaspace       used 4559K, capacity 4612K, committed 4632K, reserved 5424K
}

