# JRE version: OpenJDK Runtime Environment (8.0_181-b13) (build 1.8.0_181-8u181-b13-2~deb9u1-b13)
# Java VM: OpenJDK Server VM (25.181-b13 mixed mode linux-x86 )
Heap:
 def new generation   total 3840K, used 1760K [0x87200000, 0x87620000, 0x91aa0000)
  eden space 3456K,  39% used [0x87200000, 0x87358200, 0x87560000)
  from space 384K, 100% used [0x87560000, 0x875c0000, 0x875c0000)
  to   space 384K,   0% used [0x875c0000, 0x875c0000, 0x87620000)
 tenured generation   total 8328K, used 7130K [0x91aa0000, 0x922c2000, 0xa6c00000)
   the space 8328K,  85% used [0x91aa0000, 0x921968c0, 0x92196a00, 0x922c2000)
 Metaspace       used 4581K, capacity 4612K, committed 4632K, reserved 5424K
GC Heap History (10 events):
Event: 5.835 GC heap before
{Heap before GC invocations=108 (full 0):
 def new generation   total 2432K, used 2193K [0x87200000, 0x874a0000, 0x91aa0000)
  eden space 2176K, 100% used [0x87200000, 0x87420000, 0x87420000)
  from space 256K,   7% used [0x87420000, 0x874247b0, 0x87460000)
  to   space 256K,   0% used [0x87460000, 0x87460000, 0x874a0000)
 tenured generation   total 5504K, used 4727K [0x91aa0000, 0x92000000, 0xa6c00000)
   the space 5504K,  85% used [0x91aa0000, 0x91f3df80, 0x91f3e000, 0x92000000)
 Metaspace       used 4552K, capacity 4612K, committed 4632K, reserved 5424K
Event: 5.837 GC heap after
Heap after GC invocations=109 (full 0):
 def new generation   total 2432K, used 256K [0x87200000, 0x874a0000, 0x91aa0000)
  eden space 2176K,   0% used [0x87200000, 0x87200000, 0x87420000)
  from space 256K, 100% used [0x87460000, 0x874a0000, 0x874a0000)
  to   space 256K,   0% used [0x87420000, 0x87420000, 0x87460000)
 tenured generation   total 5504K, used 4865K [0x91aa0000, 0x92000000, 0xa6c00000)
   the space 5504K,  88% used [0x91aa0000, 0x91f604f0, 0x91f60600, 0x92000000)
 Metaspace       used 4552K, capacity 4612K, committed 4632K, reserved 5424K
}
Event: 5.992 GC heap before
{Heap before GC invocations=109 (full 0):
 def new generation   total 2432K, used 2428K [0x87200000, 0x874a0000, 0x91aa0000)
  eden space 2176K,  99% used [0x87200000, 0x8741f1a0, 0x87420000)
  from space 256K, 100% used [0x87460000, 0x874a0000, 0x874a0000)
  to   space 256K,   0% used [0x87420000, 0x87420000, 0x87460000)
 tenured generation   total 5504K, used 4865K [0x91aa0000, 0x92000000, 0xa6c00000)
   the space 5504K,  88% used [0x91aa0000, 0x91f604f0, 0x91f60600, 0x92000000)
 Metaspace       used 4552K, capacity 4612K, committed 4632K, reserved 5424K
Event: 5.994 GC heap after
Heap after GC invocations=110 (full 0):
 def new generation   total 2432K, used 209K [0x87200000, 0x874a0000, 0x91aa0000)
  eden space 2176K,   0% used [0x87200000, 0x87200000, 0x87420000)
  from space 256K,  82% used [0x87420000, 0x874547f0, 0x87460000)
  to   space 256K,   0% used [0x87460000, 0x87460000, 0x874a0000)
 tenured generation   total 5504K, used 5347K [0x91aa0000, 0x92000000, 0xa6c00000)
   the space 5504K,  97% used [0x91aa0000, 0x91fd8c90, 0x91fd8e00, 0x92000000)
 Metaspace       used 4552K, capacity 4612K, committed 4632K, reserved 5424K
}
Event: 6.262 GC heap before
{Heap before GC invocations=110 (full 0):
 def new generation   total 2432K, used 2385K [0x87200000, 0x874a0000, 0x91aa0000)
  eden space 2176K, 100% used [0x87200000, 0x87420000, 0x87420000)
  from space 256K,  82% used [0x87420000, 0x874547f0, 0x87460000)
  to   space 256K,   0% used [0x87460000, 0x87460000, 0x874a0000)
 tenured generation   total 5504K, used 5347K [0x91aa0000, 0x92000000, 0xa6c00000)
   the space 5504K,  97% used [0x91aa0000, 0x91fd8c90, 0x91fd8e00, 0x92000000)
 Metaspace       used 4554K, capacity 4612K, committed 4632K, reserved 5424K
Event: 6.693 GC heap after
Heap after GC invocations=111 (full 1):
 def new generation   total 3840K, used 0K [0x87200000, 0x87620000, 0x91aa0000)
  eden space 3456K,   0% used [0x87200000, 0x87200000, 0x87560000)
  from space 384K,   0% used [0x87560000, 0x87560000, 0x875c0000)
  to   space 384K,   0% used [0x875c0000, 0x875c0000, 0x87620000)
 tenured generation   total 8328K, used 4995K [0x91aa0000, 0x922c2000, 0xa6c00000)
   the space 8328K,  59% used [0x91aa0000, 0x91f80e28, 0x91f81000, 0x922c2000)
 Metaspace       used 4554K, capacity 4612K, committed 4632K, reserved 5424K
}
Event: 6.943 GC heap before
{Heap before GC invocations=111 (full 1):
 def new generation   total 3840K, used 3456K [0x87200000, 0x87620000, 0x91aa0000)
  eden space 3456K, 100% used [0x87200000, 0x87560000, 0x87560000)
  from space 384K,   0% used [0x87560000, 0x87560000, 0x875c0000)
  to   space 384K,   0% used [0x875c0000, 0x875c0000, 0x87620000)
 tenured generation   total 8328K, used 4995K [0x91aa0000, 0x922c2000, 0xa6c00000)
   the space 8328K,  59% used [0x91aa0000, 0x91f80e28, 0x91f81000, 0x922c2000)
 Metaspace       used 4556K, capacity 4612K, committed 4632K, reserved 5424K
Event: 6.951 GC heap after
Heap after GC invocations=112 (full 1):
 def new generation   total 3840K, used 384K [0x87200000, 0x87620000, 0x91aa0000)
  eden space 3456K,   0% used [0x87200000, 0x87200000, 0x87560000)
  from space 384K, 100% used [0x875c0000, 0x87620000, 0x87620000)
  to   space 384K,   0% used [0x87560000, 0x87560000, 0x875c0000)
 tenured generation   total 8328K, used 6313K [0x91aa0000, 0x922c2000, 0xa6c00000)
   the space 8328K,  75% used [0x91aa0000, 0x920ca5a8, 0x920ca600, 0x922c2000)
 Metaspace       used 4556K, capacity 4612K, committed 4632K, reserved 5424K
}
Event: 8.634 GC heap before
{Heap before GC invocations=112 (full 1):
 def new generation   total 3840K, used 3834K [0x87200000, 0x87620000, 0x91aa0000)
  eden space 3456K,  99% used [0x87200000, 0x8755ebd8, 0x87560000)
  from space 384K, 100% used [0x875c0000, 0x87620000, 0x87620000)
  to   space 384K,   0% used [0x87560000, 0x87560000, 0x875c0000)
 tenured generation   total 8328K, used 6313K [0x91aa0000, 0x922c2000, 0xa6c00000)
   the space 8328K,  75% used [0x91aa0000, 0x920ca5a8, 0x920ca600, 0x922c2000)
 Metaspace       used 4558K, capacity 4612K, committed 4632K, reserved 5424K
Event: 8.642 GC heap after
Heap after GC invocations=113 (full 1):
 def new generation   total 3840K, used 384K [0x87200000, 0x87620000, 0x91aa0000)
  eden space 3456K,   0% used [0x87200000, 0x87200000, 0x87560000)
  from space 384K, 100% used [0x87560000, 0x875c0000, 0x875c0000)
  to   space 384K,   0% used [0x875c0000, 0x875c0000, 0x87620000)
 tenured generation   total 8328K, used 7130K [0x91aa0000, 0x922c2000, 0xa6c00000)
   the space 8328K,  85% used [0x91aa0000, 0x921968c0, 0x92196a00, 0x922c2000)
 Metaspace       used 4558K, capacity 4612K, committed 4632K, reserved 5424K
}

