# JRE version: OpenJDK Runtime Environment (8.0_181-b13) (build 1.8.0_181-8u181-b13-2~deb9u1-b13)
# Java VM: OpenJDK Server VM (25.181-b13 mixed mode linux-x86 )
Heap:
 def new generation   total 6400K, used 6399K [0x87400000, 0x87af0000, 0x91ca0000)
  eden space 5696K, 100% used [0x87400000, 0x87990000, 0x87990000)
  from space 704K,  99% used [0x87a40000, 0x87aefff8, 0x87af0000)
  to   space 704K, 100% used [0x87990000, 0x87a40000, 0x87a40000)
 tenured generation   total 14212K, used 14211K [0x91ca0000, 0x92a81000, 0xa6e00000)
   the space 14212K,  99% used [0x91ca0000, 0x92a80ff0, 0x92a81000, 0x92a81000)
 Metaspace       used 5924K, capacity 5956K, committed 6040K, reserved 6448K
GC Heap History (10 events):
Event: 7.371 GC heap after
Heap after GC invocations=121 (full 2):
 def new generation   total 3840K, used 335K [0x87400000, 0x87820000, 0x91ca0000)
  eden space 3456K,   0% used [0x87400000, 0x87400000, 0x87760000)
  from space 384K,  87% used [0x87760000, 0x877b3f38, 0x877c0000)
  to   space 384K,   0% used [0x877c0000, 0x877c0000, 0x87820000)
 tenured generation   total 8332K, used 5198K [0x91ca0000, 0x924c3000, 0xa6e00000)
   the space 8332K,  62% used [0x91ca0000, 0x921b39a0, 0x921b3a00, 0x924c3000)
 Metaspace       used 4665K, capacity 4708K, committed 4760K, reserved 5424K
}
Event: 8.154 GC heap before
{Heap before GC invocations=121 (full 2):
 def new generation   total 3840K, used 3791K [0x87400000, 0x87820000, 0x91ca0000)
  eden space 3456K, 100% used [0x87400000, 0x87760000, 0x87760000)
  from space 384K,  87% used [0x87760000, 0x877b3f38, 0x877c0000)
  to   space 384K,   0% used [0x877c0000, 0x877c0000, 0x87820000)
 tenured generation   total 8332K, used 5198K [0x91ca0000, 0x924c3000, 0xa6e00000)
   the space 8332K,  62% used [0x91ca0000, 0x921b39a0, 0x921b3a00, 0x924c3000)
 Metaspace       used 5813K, capacity 5860K, committed 5912K, reserved 6448K
Event: 8.167 GC heap after
Heap after GC invocations=122 (full 2):
 def new generation   total 3840K, used 384K [0x87400000, 0x87820000, 0x91ca0000)
  eden space 3456K,   0% used [0x87400000, 0x87400000, 0x87760000)
  from space 384K, 100% used [0x877c0000, 0x87820000, 0x87820000)
  to   space 384K,   0% used [0x87760000, 0x87760000, 0x877c0000)
 tenured generation   total 8332K, used 5549K [0x91ca0000, 0x924c3000, 0xa6e00000)
   the space 8332K,  66% used [0x91ca0000, 0x9220b580, 0x9220b600, 0x924c3000)
 Metaspace       used 5813K, capacity 5860K, committed 5912K, reserved 6448K
}
Event: 8.939 GC heap before
{Heap before GC invocations=122 (full 2):
 def new generation   total 3840K, used 3840K [0x87400000, 0x87820000, 0x91ca0000)
  eden space 3456K, 100% used [0x87400000, 0x87760000, 0x87760000)
  from space 384K, 100% used [0x877c0000, 0x87820000, 0x87820000)
  to   space 384K,   0% used [0x87760000, 0x87760000, 0x877c0000)
 tenured generation   total 8332K, used 5549K [0x91ca0000, 0x924c3000, 0xa6e00000)
   the space 8332K,  66% used [0x91ca0000, 0x9220b580, 0x9220b600, 0x924c3000)
 Metaspace       used 5905K, capacity 5924K, committed 6040K, reserved 6448K
Event: 8.944 GC heap after
Heap after GC invocations=123 (full 2):
 def new generation   total 3840K, used 384K [0x87400000, 0x87820000, 0x91ca0000)
  eden space 3456K,   0% used [0x87400000, 0x87400000, 0x87760000)
  from space 384K, 100% used [0x87760000, 0x877c0000, 0x877c0000)
  to   space 384K,   0% used [0x877c0000, 0x877c0000, 0x87820000)
 tenured generation   total 8332K, used 8100K [0x91ca0000, 0x924c3000, 0xa6e00000)
   the space 8332K,  97% used [0x91ca0000, 0x92489220, 0x92489400, 0x924c3000)
 Metaspace       used 5905K, capacity 5924K, committed 6040K, reserved 6448K
}
Event: 9.740 GC heap before
{Heap before GC invocations=123 (full 2):
 def new generation   total 3840K, used 3840K [0x87400000, 0x87820000, 0x91ca0000)
  eden space 3456K, 100% used [0x87400000, 0x87760000, 0x87760000)
  from space 384K, 100% used [0x87760000, 0x877c0000, 0x877c0000)
  to   space 384K,   0% used [0x877c0000, 0x877c0000, 0x87820000)
 tenured generation   total 8332K, used 8100K [0x91ca0000, 0x924c3000, 0xa6e00000)
   the space 8332K,  97% used [0x91ca0000, 0x92489220, 0x92489400, 0x924c3000)
 Metaspace       used 5915K, capacity 5956K, committed 6040K, reserved 6448K
Event: 9.839 GC heap after
Heap after GC invocations=124 (full 3):
 def new generation   total 6400K, used 0K [0x87400000, 0x87af0000, 0x91ca0000)
  eden space 5696K,   0% used [0x87400000, 0x87400000, 0x87990000)
  from space 704K,   0% used [0x87990000, 0x87990000, 0x87a40000)
  to   space 704K,   0% used [0x87a40000, 0x87a40000, 0x87af0000)
 tenured generation   total 14084K, used 8448K [0x91ca0000, 0x92a61000, 0xa6e00000)
   the space 14084K,  59% used [0x91ca0000, 0x924e00b8, 0x924e0200, 0x92a61000)
 Metaspace       used 5915K, capacity 5956K, committed 6040K, reserved 6448K
}
Event: 13.891 GC heap before
{Heap before GC invocations=124 (full 3):
 def new generation   total 6400K, used 5696K [0x87400000, 0x87af0000, 0x91ca0000)
  eden space 5696K, 100% used [0x87400000, 0x87990000, 0x87990000)
  from space 704K,   0% used [0x87990000, 0x87990000, 0x87a40000)
  to   space 704K,   0% used [0x87a40000, 0x87a40000, 0x87af0000)
 tenured generation   total 14084K, used 8448K [0x91ca0000, 0x92a61000, 0xa6e00000)
   the space 14084K,  59% used [0x91ca0000, 0x924e00b8, 0x924e0200, 0x92a61000)
 Metaspace       used 5917K, capacity 5956K, committed 6040K, reserved 6448K
Event: 14.313 GC heap after
Heap after GC invocations=125 (full 3):
 def new generation   total 6400K, used 703K [0x87400000, 0x87af0000, 0x91ca0000)
  eden space 5696K,   0% used [0x87400000, 0x87400000, 0x87990000)
  from space 704K,  99% used [0x87a40000, 0x87aefff8, 0x87af0000)
  to   space 704K,   0% used [0x87990000, 0x87990000, 0x87a40000)
 tenured generation   total 14084K, used 11263K [0x91ca0000, 0x92a61000, 0xa6e00000)
   the space 14084K,  79% used [0x91ca0000, 0x9279fcc0, 0x9279fe00, 0x92a61000)
 Metaspace       used 5917K, capacity 5956K, committed 6040K, reserved 6448K
}
Event: 16.328 GC heap before
{Heap before GC invocations=125 (full 3):
 def new generation   total 6400K, used 6399K [0x87400000, 0x87af0000, 0x91ca0000)
  eden space 5696K, 100% used [0x87400000, 0x87990000, 0x87990000)
  from space 704K,  99% used [0x87a40000, 0x87aefff8, 0x87af0000)
  to   space 704K,   0% used [0x87990000, 0x87990000, 0x87a40000)
 tenured generation   total 14084K, used 11263K [0x91ca0000, 0x92a61000, 0xa6e00000)
   the space 14084K,  79% used [0x91ca0000, 0x9279fcc0, 0x9279fe00, 0x92a61000)
 Metaspace       used 5924K, capacity 5956K, committed 6040K, reserved 6448K

