# JRE version: OpenJDK Runtime Environment (8.0_181-b13) (build 1.8.0_181-8u181-b13-2~deb9u1-b13)
# Java VM: OpenJDK Server VM (25.181-b13 mixed mode linux-x86 )
Heap:
 def new generation   total 3840K, used 2076K [0x87200000, 0x87620000, 0x91aa0000)
  eden space 3456K,  48% used [0x87200000, 0x873a7110, 0x87560000)
  from space 384K,  99% used [0x87560000, 0x875bfff8, 0x875c0000)
  to   space 384K,   0% used [0x875c0000, 0x875c0000, 0x87620000)
 tenured generation   total 8336K, used 5352K [0x91aa0000, 0x922c4000, 0xa6c00000)
   the space 8336K,  64% used [0x91aa0000, 0x91fda120, 0x91fda200, 0x922c4000)
 Metaspace       used 5110K, capacity 5124K, committed 5144K, reserved 5424K
GC Heap History (10 events):
Event: 35.649 GC heap before
{Heap before GC invocations=116 (full 1):
 def new generation   total 3840K, used 3839K [0x87200000, 0x87620000, 0x91aa0000)
  eden space 3456K, 100% used [0x87200000, 0x87560000, 0x87560000)
  from space 384K,  99% used [0x875c0000, 0x8761fff8, 0x87620000)
  to   space 384K,   0% used [0x87560000, 0x87560000, 0x875c0000)
 tenured generation   total 8336K, used 8209K [0x91aa0000, 0x922c4000, 0xa6c00000)
   the space 8336K,  98% used [0x91aa0000, 0x922a4440, 0x922a4600, 0x922c4000)
 Metaspace       used 4663K, capacity 4708K, committed 4760K, reserved 5424K
Event: 36.024 GC heap after
Heap after GC invocations=117 (full 2):
 def new generation   total 3840K, used 0K [0x87200000, 0x87620000, 0x91aa0000)
  eden space 3456K,   0% used [0x87200000, 0x87200000, 0x87560000)
  from space 384K,   0% used [0x87560000, 0x87560000, 0x875c0000)
  to   space 384K,   0% used [0x875c0000, 0x875c0000, 0x87620000)
 tenured generation   total 8336K, used 4652K [0x91aa0000, 0x922c4000, 0xa6c00000)
   the space 8336K,  55% used [0x91aa0000, 0x91f2b298, 0x91f2b400, 0x922c4000)
 Metaspace       used 4663K, capacity 4708K, committed 4760K, reserved 5424K
}
Event: 36.629 GC heap before
{Heap before GC invocations=117 (full 2):
 def new generation   total 3840K, used 3456K [0x87200000, 0x87620000, 0x91aa0000)
  eden space 3456K, 100% used [0x87200000, 0x87560000, 0x87560000)
  from space 384K,   0% used [0x87560000, 0x87560000, 0x875c0000)
  to   space 384K,   0% used [0x875c0000, 0x875c0000, 0x87620000)
 tenured generation   total 8336K, used 4652K [0x91aa0000, 0x922c4000, 0xa6c00000)
   the space 8336K,  55% used [0x91aa0000, 0x91f2b298, 0x91f2b400, 0x922c4000)
 Metaspace       used 4664K, capacity 4708K, committed 4760K, reserved 5424K
Event: 36.630 GC heap after
Heap after GC invocations=118 (full 2):
 def new generation   total 3840K, used 383K [0x87200000, 0x87620000, 0x91aa0000)
  eden space 3456K,   0% used [0x87200000, 0x87200000, 0x87560000)
  from space 384K,  99% used [0x875c0000, 0x8761fed0, 0x87620000)
  to   space 384K,   0% used [0x87560000, 0x87560000, 0x875c0000)
 tenured generation   total 8336K, used 4701K [0x91aa0000, 0x922c4000, 0xa6c00000)
   the space 8336K,  56% used [0x91aa0000, 0x91f376f8, 0x91f37800, 0x922c4000)
 Metaspace       used 4664K, capacity 4708K, committed 4760K, reserved 5424K
}
Event: 41.673 GC heap before
{Heap before GC invocations=118 (full 2):
 def new generation   total 3840K, used 3839K [0x87200000, 0x87620000, 0x91aa0000)
  eden space 3456K, 100% used [0x87200000, 0x87560000, 0x87560000)
  from space 384K,  99% used [0x875c0000, 0x8761fed0, 0x87620000)
  to   space 384K,   0% used [0x87560000, 0x87560000, 0x875c0000)
 tenured generation   total 8336K, used 4701K [0x91aa0000, 0x922c4000, 0xa6c00000)
   the space 8336K,  56% used [0x91aa0000, 0x91f376f8, 0x91f37800, 0x922c4000)
 Metaspace       used 4666K, capacity 4708K, committed 4760K, reserved 5424K
Event: 42.015 GC heap after
Heap after GC invocations=119 (full 2):
 def new generation   total 3840K, used 383K [0x87200000, 0x87620000, 0x91aa0000)
  eden space 3456K,   0% used [0x87200000, 0x87200000, 0x87560000)
  from space 384K,  99% used [0x87560000, 0x875bff18, 0x875c0000)
  to   space 384K,   0% used [0x875c0000, 0x875c0000, 0x87620000)
 tenured generation   total 8336K, used 4985K [0x91aa0000, 0x922c4000, 0xa6c00000)
   the space 8336K,  59% used [0x91aa0000, 0x91f7e510, 0x91f7e600, 0x922c4000)
 Metaspace       used 4666K, capacity 4708K, committed 4760K, reserved 5424K
}
Event: 42.102 GC heap before
{Heap before GC invocations=119 (full 2):
 def new generation   total 3840K, used 3837K [0x87200000, 0x87620000, 0x91aa0000)
  eden space 3456K,  99% used [0x87200000, 0x8755f630, 0x87560000)
  from space 384K,  99% used [0x87560000, 0x875bff18, 0x875c0000)
  to   space 384K,   0% used [0x875c0000, 0x875c0000, 0x87620000)
 tenured generation   total 8336K, used 4985K [0x91aa0000, 0x922c4000, 0xa6c00000)
   the space 8336K,  59% used [0x91aa0000, 0x91f7e510, 0x91f7e600, 0x922c4000)
 Metaspace       used 4666K, capacity 4708K, committed 4760K, reserved 5424K
Event: 42.102 GC heap after
Heap after GC invocations=120 (full 2):
 def new generation   total 3840K, used 144K [0x87200000, 0x87620000, 0x91aa0000)
  eden space 3456K,   0% used [0x87200000, 0x87200000, 0x87560000)
  from space 384K,  37% used [0x875c0000, 0x875e4038, 0x87620000)
  to   space 384K,   0% used [0x87560000, 0x87560000, 0x875c0000)
 tenured generation   total 8336K, used 5204K [0x91aa0000, 0x922c4000, 0xa6c00000)
   the space 8336K,  62% used [0x91aa0000, 0x91fb53f0, 0x91fb5400, 0x922c4000)
 Metaspace       used 4666K, capacity 4708K, committed 4760K, reserved 5424K
}
Event: 42.872 GC heap before
{Heap before GC invocations=120 (full 2):
 def new generation   total 3840K, used 3574K [0x87200000, 0x87620000, 0x91aa0000)
  eden space 3456K,  99% used [0x87200000, 0x87559b40, 0x87560000)
  from space 384K,  37% used [0x875c0000, 0x875e4038, 0x87620000)
  to   space 384K,   0% used [0x87560000, 0x87560000, 0x875c0000)
 tenured generation   total 8336K, used 5204K [0x91aa0000, 0x922c4000, 0xa6c00000)
   the space 8336K,  62% used [0x91aa0000, 0x91fb53f0, 0x91fb5400, 0x922c4000)
 Metaspace       used 4666K, capacity 4708K, committed 4760K, reserved 5424K
Event: 42.890 GC heap after
Heap after GC invocations=121 (full 2):
 def new generation   total 3840K, used 383K [0x87200000, 0x87620000, 0x91aa0000)
  eden space 3456K,   0% used [0x87200000, 0x87200000, 0x87560000)
  from space 384K,  99% used [0x87560000, 0x875bfff8, 0x875c0000)
  to   space 384K,   0% used [0x875c0000, 0x875c0000, 0x87620000)
 tenured generation   total 8336K, used 5352K [0x91aa0000, 0x922c4000, 0xa6c00000)
   the space 8336K,  64% used [0x91aa0000, 0x91fda120, 0x91fda200, 0x922c4000)
 Metaspace       used 4666K, capacity 4708K, committed 4760K, reserved 5424K
}

