# JRE version: OpenJDK Runtime Environment (8.0_181-b13) (build 1.8.0_181-8u181-b13-2~deb9u1-b13)
# Java VM: OpenJDK Server VM (25.181-b13 mixed mode linux-x86 )
Heap:
 def new generation   total 9792K, used 6023K [0x87400000, 0x87ea0000, 0x91ca0000)
  eden space 8704K,  60% used [0x87400000, 0x8791d5b8, 0x87c80000)
  from space 1088K,  72% used [0x87d90000, 0x87e547b8, 0x87ea0000)
  to   space 1088K,   0% used [0x87c80000, 0x87c80000, 0x87d90000)
 tenured generation   total 21888K, used 2026K [0x91ca0000, 0x93200000, 0xa6e00000)
   the space 21888K,   9% used [0x91ca0000, 0x91e9abf8, 0x91e9ac00, 0x93200000)
 Metaspace       used 1976K, capacity 2200K, committed 2200K, reserved 4400K
GC Heap History (6 events):
Event: 2.743 GC heap before
{Heap before GC invocations=0 (full 0):
 def new generation   total 9792K, used 8704K [0x87400000, 0x87ea0000, 0x91ca0000)
  eden space 8704K, 100% used [0x87400000, 0x87c80000, 0x87c80000)
  from space 1088K,   0% used [0x87c80000, 0x87c80000, 0x87d90000)
  to   space 1088K,   0% used [0x87d90000, 0x87d90000, 0x87ea0000)
 tenured generation   total 21888K, used 0K [0x91ca0000, 0x93200000, 0xa6e00000)
   the space 21888K,   0% used [0x91ca0000, 0x91ca0000, 0x91ca0200, 0x93200000)
 Metaspace       used 1853K, capacity 2200K, committed 2200K, reserved 4400K
Event: 2.780 GC heap after
Heap after GC invocations=1 (full 0):
 def new generation   total 9792K, used 1088K [0x87400000, 0x87ea0000, 0x91ca0000)
  eden space 8704K,   0% used [0x87400000, 0x87400000, 0x87c80000)
  from space 1088K, 100% used [0x87d90000, 0x87ea0000, 0x87ea0000)
  to   space 1088K,   0% used [0x87c80000, 0x87c80000, 0x87d90000)
 tenured generation   total 21888K, used 465K [0x91ca0000, 0x93200000, 0xa6e00000)
   the space 21888K,   2% used [0x91ca0000, 0x91d14428, 0x91d14600, 0x93200000)
 Metaspace       used 1853K, capacity 2200K, committed 2200K, reserved 4400K
}
Event: 3.809 GC heap before
{Heap before GC invocations=1 (full 0):
 def new generation   total 9792K, used 9792K [0x87400000, 0x87ea0000, 0x91ca0000)
  eden space 8704K, 100% used [0x87400000, 0x87c80000, 0x87c80000)
  from space 1088K, 100% used [0x87d90000, 0x87ea0000, 0x87ea0000)
  to   space 1088K,   0% used [0x87c80000, 0x87c80000, 0x87d90000)
 tenured generation   total 21888K, used 465K [0x91ca0000, 0x93200000, 0xa6e00000)
   the space 21888K,   2% used [0x91ca0000, 0x91d14428, 0x91d14600, 0x93200000)
 Metaspace       used 1874K, capacity 2200K, committed 2200K, reserved 4400K
Event: 3.836 GC heap after
Heap after GC invocations=2 (full 0):
 def new generation   total 9792K, used 1074K [0x87400000, 0x87ea0000, 0x91ca0000)
  eden space 8704K,   0% used [0x87400000, 0x87400000, 0x87c80000)
  from space 1088K,  98% used [0x87c80000, 0x87d8ca40, 0x87d90000)
  to   space 1088K,   0% used [0x87d90000, 0x87d90000, 0x87ea0000)
 tenured generation   total 21888K, used 1423K [0x91ca0000, 0x93200000, 0xa6e00000)
   the space 21888K,   6% used [0x91ca0000, 0x91e03c18, 0x91e03e00, 0x93200000)
 Metaspace       used 1874K, capacity 2200K, committed 2200K, reserved 4400K
}
Event: 5.127 GC heap before
{Heap before GC invocations=2 (full 0):
 def new generation   total 9792K, used 9741K [0x87400000, 0x87ea0000, 0x91ca0000)
  eden space 8704K,  99% used [0x87400000, 0x87c76c40, 0x87c80000)
  from space 1088K,  98% used [0x87c80000, 0x87d8ca40, 0x87d90000)
  to   space 1088K,   0% used [0x87d90000, 0x87d90000, 0x87ea0000)
 tenured generation   total 21888K, used 1423K [0x91ca0000, 0x93200000, 0xa6e00000)
   the space 21888K,   6% used [0x91ca0000, 0x91e03c18, 0x91e03e00, 0x93200000)
 Metaspace       used 1883K, capacity 2200K, committed 2200K, reserved 4400K
Event: 5.140 GC heap after
Heap after GC invocations=3 (full 0):
 def new generation   total 9792K, used 785K [0x87400000, 0x87ea0000, 0x91ca0000)
  eden space 8704K,   0% used [0x87400000, 0x87400000, 0x87c80000)
  from space 1088K,  72% used [0x87d90000, 0x87e547b8, 0x87ea0000)
  to   space 1088K,   0% used [0x87c80000, 0x87c80000, 0x87d90000)
 tenured generation   total 21888K, used 2026K [0x91ca0000, 0x93200000, 0xa6e00000)
   the space 21888K,   9% used [0x91ca0000, 0x91e9abf8, 0x91e9ac00, 0x93200000)
 Metaspace       used 1883K, capacity 2200K, committed 2200K, reserved 4400K
}

