# JRE version: OpenJDK Runtime Environment (8.0_181-b13) (build 1.8.0_181-8u181-b13-2~deb9u1-b13)
# Java VM: OpenJDK Server VM (25.181-b13 mixed mode linux-x86 )
Heap:
 def new generation   total 3264K, used 2710K [0x87400000, 0x87780000, 0x91ca0000)
  eden space 2944K,  81% used [0x87400000, 0x876558a0, 0x876e0000)
  from space 320K, 100% used [0x876e0000, 0x87730000, 0x87730000)
  to   space 320K,   0% used [0x87730000, 0x87730000, 0x87780000)
 tenured generation   total 7116K, used 6656K [0x91ca0000, 0x92393000, 0xa6e00000)
   the space 7116K,  93% used [0x91ca0000, 0x923201b8, 0x92320200, 0x92393000)
 Metaspace       used 5115K, capacity 5124K, committed 5144K, reserved 5424K
GC Heap History (10 events):
Event: 8.975 GC heap before
{Heap before GC invocations=6 (full 0):
 def new generation   total 2432K, used 2046K [0x87400000, 0x876a0000, 0x91ca0000)
  eden space 2176K,  82% used [0x87400000, 0x875bf9d0, 0x87620000)
  from space 256K, 100% used [0x87620000, 0x87660000, 0x87660000)
  to   space 256K,   0% used [0x87660000, 0x87660000, 0x876a0000)
 tenured generation   total 5504K, used 1508K [0x91ca0000, 0x92200000, 0xa6e00000)
   the space 5504K,  27% used [0x91ca0000, 0x91e19098, 0x91e19200, 0x92200000)
 Metaspace       used 4835K, capacity 4868K, committed 4888K, reserved 5424K
Event: 8.981 GC heap after
Heap after GC invocations=7 (full 0):
 def new generation   total 2432K, used 256K [0x87400000, 0x876a0000, 0x91ca0000)
  eden space 2176K,   0% used [0x87400000, 0x87400000, 0x87620000)
  from space 256K, 100% used [0x87660000, 0x876a0000, 0x876a0000)
  to   space 256K,   0% used [0x87620000, 0x87620000, 0x87660000)
 tenured generation   total 5504K, used 1866K [0x91ca0000, 0x92200000, 0xa6e00000)
   the space 5504K,  33% used [0x91ca0000, 0x91e72af8, 0x91e72c00, 0x92200000)
 Metaspace       used 4835K, capacity 4868K, committed 4888K, reserved 5424K
}
Event: 9.138 GC heap before
{Heap before GC invocations=7 (full 0):
 def new generation   total 2432K, used 2432K [0x87400000, 0x876a0000, 0x91ca0000)
  eden space 2176K, 100% used [0x87400000, 0x87620000, 0x87620000)
  from space 256K, 100% used [0x87660000, 0x876a0000, 0x876a0000)
  to   space 256K,   0% used [0x87620000, 0x87620000, 0x87660000)
 tenured generation   total 5504K, used 1866K [0x91ca0000, 0x92200000, 0xa6e00000)
   the space 5504K,  33% used [0x91ca0000, 0x91e72af8, 0x91e72c00, 0x92200000)
 Metaspace       used 4841K, capacity 4868K, committed 4888K, reserved 5424K
Event: 9.150 GC heap after
Heap after GC invocations=8 (full 0):
 def new generation   total 2432K, used 255K [0x87400000, 0x876a0000, 0x91ca0000)
  eden space 2176K,   0% used [0x87400000, 0x87400000, 0x87620000)
  from space 256K,  99% used [0x87620000, 0x8765fff8, 0x87660000)
  to   space 256K,   0% used [0x87660000, 0x87660000, 0x876a0000)
 tenured generation   total 5504K, used 3963K [0x91ca0000, 0x92200000, 0xa6e00000)
   the space 5504K,  72% used [0x91ca0000, 0x9207efe8, 0x9207f000, 0x92200000)
 Metaspace       used 4841K, capacity 4868K, committed 4888K, reserved 5424K
}
Event: 10.039 GC heap before
{Heap before GC invocations=8 (full 0):
 def new generation   total 2432K, used 2342K [0x87400000, 0x876a0000, 0x91ca0000)
  eden space 2176K,  95% used [0x87400000, 0x87609a60, 0x87620000)
  from space 256K,  99% used [0x87620000, 0x8765fff8, 0x87660000)
  to   space 256K,   0% used [0x87660000, 0x87660000, 0x876a0000)
 tenured generation   total 5504K, used 3963K [0x91ca0000, 0x92200000, 0xa6e00000)
   the space 5504K,  72% used [0x91ca0000, 0x9207efe8, 0x9207f000, 0x92200000)
 Metaspace       used 4852K, capacity 4868K, committed 4888K, reserved 5424K
Event: 10.409 GC heap after
Heap after GC invocations=9 (full 1):
 def new generation   total 3264K, used 0K [0x87400000, 0x87780000, 0x91ca0000)
  eden space 2944K,   0% used [0x87400000, 0x87400000, 0x876e0000)
  from space 320K,   0% used [0x876e0000, 0x876e0000, 0x87730000)
  to   space 320K,   0% used [0x87730000, 0x87730000, 0x87780000)
 tenured generation   total 7116K, used 4269K [0x91ca0000, 0x92393000, 0xa6e00000)
   the space 7116K,  59% used [0x91ca0000, 0x920cb558, 0x920cb600, 0x92393000)
 Metaspace       used 4852K, capacity 4868K, committed 4888K, reserved 5424K
}
Event: 11.198 GC heap before
{Heap before GC invocations=9 (full 1):
 def new generation   total 3264K, used 2944K [0x87400000, 0x87780000, 0x91ca0000)
  eden space 2944K, 100% used [0x87400000, 0x876e0000, 0x876e0000)
  from space 320K,   0% used [0x876e0000, 0x876e0000, 0x87730000)
  to   space 320K,   0% used [0x87730000, 0x87730000, 0x87780000)
 tenured generation   total 7116K, used 4269K [0x91ca0000, 0x92393000, 0xa6e00000)
   the space 7116K,  59% used [0x91ca0000, 0x920cb558, 0x920cb600, 0x92393000)
 Metaspace       used 4852K, capacity 4868K, committed 4888K, reserved 5424K
Event: 11.241 GC heap after
Heap after GC invocations=10 (full 1):
 def new generation   total 3264K, used 320K [0x87400000, 0x87780000, 0x91ca0000)
  eden space 2944K,   0% used [0x87400000, 0x87400000, 0x876e0000)
  from space 320K, 100% used [0x87730000, 0x87780000, 0x87780000)
  to   space 320K,   0% used [0x876e0000, 0x876e0000, 0x87730000)
 tenured generation   total 7116K, used 5972K [0x91ca0000, 0x92393000, 0xa6e00000)
   the space 7116K,  83% used [0x91ca0000, 0x92275380, 0x92275400, 0x92393000)
 Metaspace       used 4852K, capacity 4868K, committed 4888K, reserved 5424K
}
Event: 12.115 GC heap before
{Heap before GC invocations=10 (full 1):
 def new generation   total 3264K, used 3264K [0x87400000, 0x87780000, 0x91ca0000)
  eden space 2944K, 100% used [0x87400000, 0x876e0000, 0x876e0000)
  from space 320K, 100% used [0x87730000, 0x87780000, 0x87780000)
  to   space 320K,   0% used [0x876e0000, 0x876e0000, 0x87730000)
 tenured generation   total 7116K, used 5972K [0x91ca0000, 0x92393000, 0xa6e00000)
   the space 7116K,  83% used [0x91ca0000, 0x92275380, 0x92275400, 0x92393000)
 Metaspace       used 4972K, capacity 4996K, committed 5016K, reserved 5424K
Event: 12.190 GC heap after
Heap after GC invocations=11 (full 1):
 def new generation   total 3264K, used 320K [0x87400000, 0x87780000, 0x91ca0000)
  eden space 2944K,   0% used [0x87400000, 0x87400000, 0x876e0000)
  from space 320K, 100% used [0x876e0000, 0x87730000, 0x87730000)
  to   space 320K,   0% used [0x87730000, 0x87730000, 0x87780000)
 tenured generation   total 7116K, used 6656K [0x91ca0000, 0x92393000, 0xa6e00000)
   the space 7116K,  93% used [0x91ca0000, 0x923201b8, 0x92320200, 0x92393000)
 Metaspace       used 4972K, capacity 4996K, committed 5016K, reserved 5424K
}

